<?xml version="1.0" encoding="UTF-8"?>
<!-- Generated by org.testng.reporters.JUnitReportReporter -->
<testsuite hostname="Yadav" failures="0" tests="1" name="testCases.TC01_RegistrationTest" time="2.281" errors="0" timestamp="2024-10-26T21:39:04 IST" skipped="0">
  <testcase classname="testCases.TC01_RegistrationTest" name="verify_acc_registration" time="2.281"/>
</testsuite> <!-- testCases.TC01_RegistrationTest -->
