<?xml version="1.0" encoding="UTF-8"?>
<!-- Generated by org.testng.reporters.JUnitReportReporter -->
<testsuite hostname="Yadav" failures="0" tests="1" name="testCases.TC02_LoginPageTest" time="2.926" errors="0" timestamp="2024-11-01T09:18:29 IST" skipped="0">
  <testcase classname="testCases.TC02_LoginPageTest" name="verify_LoginAccount" time="2.926"/>
</testsuite> <!-- testCases.TC02_LoginPageTest -->
